<?xml version="1.0" encoding="UTF-8"?>
<coverage generated="1671405852831" clover="3.2.0">
  <project timestamp="1671405852831" name="All files">
    <metrics statements="100" coveredstatements="43" conditionals="39" coveredconditionals="6" methods="33" coveredmethods="9" elements="172" coveredelements="58" complexity="0" loc="100" ncloc="100" packages="4" files="13" classes="13"/>
    <package name="src">
      <metrics statements="20" coveredstatements="9" conditionals="0" coveredconditionals="0" methods="11" coveredmethods="3"/>
      <file name="App.jsx" path="/Users/jaceksmoter/Desktop/CS/React/rest-countries-api-with-color-theme-switcher-master/rest-countries-api/src/App.jsx">
        <metrics statements="3" coveredstatements="3" conditionals="0" coveredconditionals="0" methods="1" coveredmethods="1"/>
        <line num="10" count="1" type="stmt"/>
        <line num="11" count="3" type="stmt"/>
        <line num="12" count="3" type="stmt"/>
      </file>
      <file name="api.js" path="/Users/jaceksmoter/Desktop/CS/React/rest-countries-api-with-color-theme-switcher-master/rest-countries-api/src/api.js">
        <metrics statements="15" coveredstatements="6" conditionals="0" coveredconditionals="0" methods="9" coveredmethods="2"/>
        <line num="3" count="1" type="stmt"/>
        <line num="4" count="2" type="stmt"/>
        <line num="5" count="2" type="stmt"/>
        <line num="6" count="0" type="stmt"/>
        <line num="9" count="2" type="stmt"/>
        <line num="12" count="1" type="stmt"/>
        <line num="13" count="0" type="stmt"/>
        <line num="14" count="0" type="stmt"/>
        <line num="15" count="0" type="stmt"/>
        <line num="18" count="0" type="stmt"/>
        <line num="21" count="1" type="stmt"/>
        <line num="22" count="0" type="stmt"/>
        <line num="23" count="0" type="stmt"/>
        <line num="24" count="0" type="stmt"/>
        <line num="27" count="0" type="stmt"/>
      </file>
      <file name="main.jsx" path="/Users/jaceksmoter/Desktop/CS/React/rest-countries-api-with-color-theme-switcher-master/rest-countries-api/src/main.jsx">
        <metrics statements="2" coveredstatements="0" conditionals="0" coveredconditionals="0" methods="1" coveredmethods="0"/>
        <line num="6" count="0" type="stmt"/>
        <line num="7" count="0" type="stmt"/>
      </file>
    </package>
    <package name="src.components">
      <metrics statements="50" coveredstatements="30" conditionals="23" coveredconditionals="6" methods="16" coveredmethods="6"/>
      <file name="BorderingCountryButton.jsx" path="/Users/jaceksmoter/Desktop/CS/React/rest-countries-api-with-color-theme-switcher-master/rest-countries-api/src/components/BorderingCountryButton.jsx">
        <metrics statements="3" coveredstatements="1" conditionals="4" coveredconditionals="0" methods="1" coveredmethods="0"/>
        <line num="6" count="1" type="stmt"/>
        <line num="7" count="0" type="stmt"/>
        <line num="9" count="0" type="stmt"/>
      </file>
      <file name="Button.jsx" path="/Users/jaceksmoter/Desktop/CS/React/rest-countries-api-with-color-theme-switcher-master/rest-countries-api/src/components/Button.jsx">
        <metrics statements="2" coveredstatements="1" conditionals="0" coveredconditionals="0" methods="1" coveredmethods="0"/>
        <line num="3" count="1" type="stmt"/>
        <line num="4" count="0" type="stmt"/>
      </file>
      <file name="CountriesList.jsx" path="/Users/jaceksmoter/Desktop/CS/React/rest-countries-api-with-color-theme-switcher-master/rest-countries-api/src/components/CountriesList.jsx">
        <metrics statements="27" coveredstatements="15" conditionals="15" coveredconditionals="3" methods="8" coveredmethods="2"/>
        <line num="9" count="1" type="stmt"/>
        <line num="10" count="3" type="stmt"/>
        <line num="11" count="2" type="stmt"/>
        <line num="12" count="2" type="stmt"/>
        <line num="14" count="2" type="stmt"/>
        <line num="17" count="2" type="stmt"/>
        <line num="19" count="2" type="stmt"/>
        <line num="20" count="0" type="stmt"/>
        <line num="21" count="0" type="stmt"/>
        <line num="24" count="2" type="stmt"/>
        <line num="25" count="0" type="stmt"/>
        <line num="26" count="0" type="stmt"/>
        <line num="29" count="2" type="stmt"/>
        <line num="30" count="0" type="stmt"/>
        <line num="39" count="2" type="stmt"/>
        <line num="40" count="2" type="stmt"/>
        <line num="41" count="2" type="cond" truecount="2" falsecount="2"/>
        <line num="42" count="0" type="stmt"/>
        <line num="44" count="2" type="stmt"/>
        <line num="48" count="2" type="cond" truecount="1" falsecount="1"/>
        <line num="49" count="2" type="stmt"/>
        <line num="51" count="0" type="cond" truecount="0" falsecount="2"/>
        <line num="52" count="0" type="stmt"/>
        <line num="65" count="0" type="cond" truecount="0" falsecount="2"/>
        <line num="66" count="0" type="stmt"/>
        <line num="110" count="0" type="stmt"/>
        <line num="112" count="0" type="stmt"/>
      </file>
      <file name="DarkModeSwitch.jsx" path="/Users/jaceksmoter/Desktop/CS/React/rest-countries-api-with-color-theme-switcher-master/rest-countries-api/src/components/DarkModeSwitch.jsx">
        <metrics statements="14" coveredstatements="9" conditionals="4" coveredconditionals="3" methods="4" coveredmethods="2"/>
        <line num="5" count="1" type="stmt"/>
        <line num="6" count="3" type="stmt"/>
        <line num="8" count="3" type="stmt"/>
        <line num="9" count="1" type="stmt"/>
        <line num="10" count="1" type="cond" truecount="1" falsecount="1"/>
        <line num="11" count="0" type="stmt"/>
        <line num="12" count="0" type="stmt"/>
        <line num="13" count="0" type="stmt"/>
        <line num="14" count="0" type="stmt"/>
        <line num="17" count="1" type="stmt"/>
        <line num="18" count="1" type="stmt"/>
        <line num="19" count="1" type="stmt"/>
        <line num="20" count="0" type="stmt"/>
        <line num="25" count="3" type="stmt"/>
      </file>
      <file name="Header.jsx" path="/Users/jaceksmoter/Desktop/CS/React/rest-countries-api-with-color-theme-switcher-master/rest-countries-api/src/components/Header.jsx">
        <metrics statements="2" coveredstatements="2" conditionals="0" coveredconditionals="0" methods="1" coveredmethods="1"/>
        <line num="5" count="1" type="stmt"/>
        <line num="6" count="2" type="stmt"/>
      </file>
      <file name="Loader.jsx" path="/Users/jaceksmoter/Desktop/CS/React/rest-countries-api-with-color-theme-switcher-master/rest-countries-api/src/components/Loader.jsx">
        <metrics statements="2" coveredstatements="2" conditionals="0" coveredconditionals="0" methods="1" coveredmethods="1"/>
        <line num="3" count="1" type="stmt"/>
        <line num="4" count="3" type="stmt"/>
      </file>
    </package>
    <package name="src.components.countryCard">
      <metrics statements="19" coveredstatements="2" conditionals="6" coveredconditionals="0" methods="3" coveredmethods="0"/>
      <file name="CountryCard.jsx" path="/Users/jaceksmoter/Desktop/CS/React/rest-countries-api-with-color-theme-switcher-master/rest-countries-api/src/components/countryCard/CountryCard.jsx">
        <metrics statements="3" coveredstatements="1" conditionals="0" coveredconditionals="0" methods="1" coveredmethods="0"/>
        <line num="5" count="1" type="stmt"/>
        <line num="6" count="0" type="stmt"/>
        <line num="7" count="0" type="stmt"/>
      </file>
      <file name="Information.jsx" path="/Users/jaceksmoter/Desktop/CS/React/rest-countries-api-with-color-theme-switcher-master/rest-countries-api/src/components/countryCard/Information.jsx">
        <metrics statements="16" coveredstatements="1" conditionals="6" coveredconditionals="0" methods="2" coveredmethods="0"/>
        <line num="3" count="1" type="stmt"/>
        <line num="4" count="0" type="stmt"/>
        <line num="5" count="0" type="cond" truecount="0" falsecount="2"/>
        <line num="6" count="0" type="stmt"/>
        <line num="7" count="0" type="stmt"/>
        <line num="8" count="0" type="stmt"/>
        <line num="10" count="0" type="stmt"/>
        <line num="11" count="0" type="cond" truecount="0" falsecount="2"/>
        <line num="12" count="0" type="stmt"/>
        <line num="13" count="0" type="stmt"/>
        <line num="14" count="0" type="stmt"/>
        <line num="16" count="0" type="stmt"/>
        <line num="17" count="0" type="cond" truecount="0" falsecount="2"/>
        <line num="18" count="0" type="stmt"/>
        <line num="20" count="0" type="stmt"/>
        <line num="24" count="0" type="stmt"/>
      </file>
    </package>
    <package name="src.pages">
      <metrics statements="11" coveredstatements="2" conditionals="10" coveredconditionals="0" methods="3" coveredmethods="0"/>
      <file name="CountryPage.jsx" path="/Users/jaceksmoter/Desktop/CS/React/rest-countries-api-with-color-theme-switcher-master/rest-countries-api/src/pages/CountryPage.jsx">
        <metrics statements="9" coveredstatements="1" conditionals="10" coveredconditionals="0" methods="2" coveredmethods="0"/>
        <line num="11" count="1" type="stmt"/>
        <line num="12" count="0" type="stmt"/>
        <line num="19" count="0" type="stmt"/>
        <line num="21" count="0" type="stmt"/>
        <line num="22" count="0" type="cond" truecount="0" falsecount="2"/>
        <line num="23" count="0" type="stmt"/>
        <line num="26" count="0" type="cond" truecount="0" falsecount="2"/>
        <line num="27" count="0" type="stmt"/>
        <line num="102" count="0" type="stmt"/>
      </file>
      <file name="PageNotFound.jsx" path="/Users/jaceksmoter/Desktop/CS/React/rest-countries-api-with-color-theme-switcher-master/rest-countries-api/src/pages/PageNotFound.jsx">
        <metrics statements="2" coveredstatements="1" conditionals="0" coveredconditionals="0" methods="1" coveredmethods="0"/>
        <line num="3" count="1" type="stmt"/>
        <line num="4" count="0" type="stmt"/>
      </file>
    </package>
  </project>
</coverage>
