{"/Users/jaceksmoter/Desktop/CS/React/rest-countries-api-with-color-theme-switcher-master/rest-countries-api/src/App.jsx": {"path":"/Users/jaceksmoter/Desktop/CS/React/rest-countries-api-with-color-theme-switcher-master/rest-countries-api/src/App.jsx","statementMap":{"0":{"start":{"line":10,"column":12},"end":{"line":24,"column":1}},"1":{"start":{"line":11,"column":22},"end":{"line":11,"column":39}},"2":{"start":{"line":12,"column":2},"end":{"line":23,"column":4}}},"fnMap":{"0":{"name":"(anonymous_0)","decl":{"start":{"line":10,"column":12},"end":{"line":10,"column":13}},"loc":{"start":{"line":10,"column":18},"end":{"line":24,"column":1}},"line":10}},"branchMap":{},"s":{"0":1,"1":2,"2":2},"f":{"0":2},"b":{},"_coverageSchema":"1a1c01bbd47fc00a2c39e90264f33305004495a9","hash":"92ea9487d52efbc754a4c057c2ca1347647d548a"}
,"/Users/jaceksmoter/Desktop/CS/React/rest-countries-api-with-color-theme-switcher-master/rest-countries-api/src/api.js": {"path":"/Users/jaceksmoter/Desktop/CS/React/rest-countries-api-with-color-theme-switcher-master/rest-countries-api/src/api.js","statementMap":{"0":{"start":{"line":3,"column":28},"end":{"line":10,"column":1}},"1":{"start":{"line":4,"column":17},"end":{"line":8,"column":4}},"2":{"start":{"line":5,"column":4},"end":{"line":7,"column":6}},"3":{"start":{"line":6,"column":6},"end":{"line":6,"column":16}},"4":{"start":{"line":9,"column":2},"end":{"line":9,"column":23}},"5":{"start":{"line":12,"column":26},"end":{"line":19,"column":1}},"6":{"start":{"line":13,"column":17},"end":{"line":17,"column":4}},"7":{"start":{"line":14,"column":4},"end":{"line":16,"column":6}},"8":{"start":{"line":15,"column":15},"end":{"line":15,"column":25}},"9":{"start":{"line":18,"column":2},"end":{"line":18,"column":23}},"10":{"start":{"line":21,"column":32},"end":{"line":28,"column":1}},"11":{"start":{"line":22,"column":17},"end":{"line":26,"column":4}},"12":{"start":{"line":23,"column":4},"end":{"line":25,"column":6}},"13":{"start":{"line":24,"column":15},"end":{"line":24,"column":25}},"14":{"start":{"line":27,"column":2},"end":{"line":27,"column":23}}},"fnMap":{"0":{"name":"(anonymous_0)","decl":{"start":{"line":3,"column":28},"end":{"line":3,"column":29}},"loc":{"start":{"line":3,"column":34},"end":{"line":10,"column":1}},"line":3},"1":{"name":"(anonymous_1)","decl":{"start":{"line":4,"column":41},"end":{"line":4,"column":42}},"loc":{"start":{"line":4,"column":47},"end":{"line":8,"column":3}},"line":4},"2":{"name":"(anonymous_2)","decl":{"start":{"line":5,"column":60},"end":{"line":5,"column":61}},"loc":{"start":{"line":6,"column":6},"end":{"line":6,"column":16}},"line":6},"3":{"name":"(anonymous_3)","decl":{"start":{"line":12,"column":26},"end":{"line":12,"column":27}},"loc":{"start":{"line":12,"column":43},"end":{"line":19,"column":1}},"line":12},"4":{"name":"(anonymous_4)","decl":{"start":{"line":13,"column":52},"end":{"line":13,"column":53}},"loc":{"start":{"line":13,"column":58},"end":{"line":17,"column":3}},"line":13},"5":{"name":"(anonymous_5)","decl":{"start":{"line":15,"column":6},"end":{"line":15,"column":7}},"loc":{"start":{"line":15,"column":15},"end":{"line":15,"column":25}},"line":15},"6":{"name":"(anonymous_6)","decl":{"start":{"line":21,"column":32},"end":{"line":21,"column":33}},"loc":{"start":{"line":21,"column":49},"end":{"line":28,"column":1}},"line":21},"7":{"name":"(anonymous_7)","decl":{"start":{"line":22,"column":58},"end":{"line":22,"column":59}},"loc":{"start":{"line":22,"column":64},"end":{"line":26,"column":3}},"line":22},"8":{"name":"(anonymous_8)","decl":{"start":{"line":24,"column":6},"end":{"line":24,"column":7}},"loc":{"start":{"line":24,"column":15},"end":{"line":24,"column":25}},"line":24}},"branchMap":{},"s":{"0":1,"1":1,"2":1,"3":0,"4":1,"5":1,"6":0,"7":0,"8":0,"9":0,"10":1,"11":0,"12":0,"13":0,"14":0},"f":{"0":1,"1":1,"2":0,"3":0,"4":0,"5":0,"6":0,"7":0,"8":0},"b":{},"_coverageSchema":"1a1c01bbd47fc00a2c39e90264f33305004495a9","hash":"826f405532a3231199144fa01f787ef504939053"}
,"/Users/jaceksmoter/Desktop/CS/React/rest-countries-api-with-color-theme-switcher-master/rest-countries-api/src/main.jsx": {"path":"/Users/jaceksmoter/Desktop/CS/React/rest-countries-api-with-color-theme-switcher-master/rest-countries-api/src/main.jsx","statementMap":{"0":{"start":{"line":6,"column":0},"end":{"line":14,"column":2}},"1":{"start":{"line":7,"column":2},"end":{"line":13,"column":3}}},"fnMap":{"0":{"name":"(anonymous_0)","decl":{"start":{"line":6,"column":26},"end":{"line":6,"column":27}},"loc":{"start":{"line":7,"column":2},"end":{"line":13,"column":3}},"line":7}},"branchMap":{},"s":{"0":0,"1":0},"f":{"0":0},"b":{}}
,"/Users/jaceksmoter/Desktop/CS/React/rest-countries-api-with-color-theme-switcher-master/rest-countries-api/src/components/BorderingCountryButton.jsx": {"path":"/Users/jaceksmoter/Desktop/CS/React/rest-countries-api-with-color-theme-switcher-master/rest-countries-api/src/components/BorderingCountryButton.jsx","statementMap":{"0":{"start":{"line":6,"column":31},"end":{"line":19,"column":1}},"1":{"start":{"line":7,"column":50},"end":{"line":7,"column":79}},"2":{"start":{"line":9,"column":2},"end":{"line":18,"column":4}}},"fnMap":{"0":{"name":"(anonymous_0)","decl":{"start":{"line":6,"column":31},"end":{"line":6,"column":32}},"loc":{"start":{"line":6,"column":52},"end":{"line":19,"column":1}},"line":6}},"branchMap":{"0":{"loc":{"start":{"line":11,"column":7},"end":{"line":11,"column":41}},"type":"binary-expr","locations":[{"start":{"line":11,"column":7},"end":{"line":11,"column":16}},{"start":{"line":11,"column":20},"end":{"line":11,"column":41}}],"line":11},"1":{"loc":{"start":{"line":12,"column":7},"end":{"line":16,"column":7}},"type":"binary-expr","locations":[{"start":{"line":12,"column":7},"end":{"line":12,"column":16}},{"start":{"line":13,"column":8},"end":{"line":15,"column":15}}],"line":12}},"s":{"0":1,"1":0,"2":0},"f":{"0":0},"b":{"0":[0,0],"1":[0,0]},"_coverageSchema":"1a1c01bbd47fc00a2c39e90264f33305004495a9","hash":"2f32a3c6b8adefd9781e4490ea16e29e60fc0193"}
,"/Users/jaceksmoter/Desktop/CS/React/rest-countries-api-with-color-theme-switcher-master/rest-countries-api/src/components/Button.jsx": {"path":"/Users/jaceksmoter/Desktop/CS/React/rest-countries-api-with-color-theme-switcher-master/rest-countries-api/src/components/Button.jsx","statementMap":{"0":{"start":{"line":3,"column":15},"end":{"line":9,"column":1}},"1":{"start":{"line":4,"column":2},"end":{"line":8,"column":4}}},"fnMap":{"0":{"name":"(anonymous_0)","decl":{"start":{"line":3,"column":15},"end":{"line":3,"column":16}},"loc":{"start":{"line":3,"column":32},"end":{"line":9,"column":1}},"line":3}},"branchMap":{},"s":{"0":1,"1":0},"f":{"0":0},"b":{},"_coverageSchema":"1a1c01bbd47fc00a2c39e90264f33305004495a9","hash":"1b2747edb3a3863161f9924310cea7d36553dfc1"}
,"/Users/jaceksmoter/Desktop/CS/React/rest-countries-api-with-color-theme-switcher-master/rest-countries-api/src/components/CountriesList.jsx": {"path":"/Users/jaceksmoter/Desktop/CS/React/rest-countries-api-with-color-theme-switcher-master/rest-countries-api/src/components/CountriesList.jsx","statementMap":{"0":{"start":{"line":9,"column":22},"end":{"line":118,"column":1}},"1":{"start":{"line":10,"column":38},"end":{"line":10,"column":50}},"2":{"start":{"line":11,"column":46},"end":{"line":11,"column":58}},"3":{"start":{"line":12,"column":44},"end":{"line":12,"column":56}},"4":{"start":{"line":14,"column":34},"end":{"line":14,"column":49}},"5":{"start":{"line":17,"column":61},"end":{"line":17,"column":75}},"6":{"start":{"line":19,"column":28},"end":{"line":22,"column":3}},"7":{"start":{"line":20,"column":4},"end":{"line":20,"column":23}},"8":{"start":{"line":21,"column":4},"end":{"line":21,"column":44}},"9":{"start":{"line":21,"column":28},"end":{"line":21,"column":42}},"10":{"start":{"line":24,"column":29},"end":{"line":27,"column":3}},"11":{"start":{"line":25,"column":4},"end":{"line":25,"column":23}},"12":{"start":{"line":26,"column":4},"end":{"line":26,"column":38}},"13":{"start":{"line":29,"column":23},"end":{"line":37,"column":3}},"14":{"start":{"line":30,"column":4},"end":{"line":36,"column":6}},"15":{"start":{"line":39,"column":2},"end":{"line":46,"column":35}},"16":{"start":{"line":40,"column":17},"end":{"line":40,"column":51}},"17":{"start":{"line":41,"column":4},"end":{"line":45,"column":5}},"18":{"start":{"line":42,"column":6},"end":{"line":42,"column":24}},"19":{"start":{"line":44,"column":6},"end":{"line":44,"column":25}},"20":{"start":{"line":48,"column":2},"end":{"line":50,"column":3}},"21":{"start":{"line":49,"column":4},"end":{"line":49,"column":22}},"22":{"start":{"line":51,"column":2},"end":{"line":64,"column":3}},"23":{"start":{"line":52,"column":4},"end":{"line":63,"column":6}},"24":{"start":{"line":65,"column":2},"end":{"line":117,"column":3}},"25":{"start":{"line":66,"column":4},"end":{"line":116,"column":6}},"26":{"start":{"line":110,"column":34},"end":{"line":110,"column":55}},"27":{"start":{"line":112,"column":14},"end":{"line":112,"column":73}}},"fnMap":{"0":{"name":"(anonymous_0)","decl":{"start":{"line":9,"column":22},"end":{"line":9,"column":23}},"loc":{"start":{"line":9,"column":28},"end":{"line":118,"column":1}},"line":9},"1":{"name":"(anonymous_1)","decl":{"start":{"line":19,"column":28},"end":{"line":19,"column":29}},"loc":{"start":{"line":19,"column":35},"end":{"line":22,"column":3}},"line":19},"2":{"name":"(anonymous_2)","decl":{"start":{"line":21,"column":18},"end":{"line":21,"column":19}},"loc":{"start":{"line":21,"column":28},"end":{"line":21,"column":42}},"line":21},"3":{"name":"(anonymous_3)","decl":{"start":{"line":24,"column":29},"end":{"line":24,"column":30}},"loc":{"start":{"line":24,"column":36},"end":{"line":27,"column":3}},"line":24},"4":{"name":"(anonymous_4)","decl":{"start":{"line":29,"column":23},"end":{"line":29,"column":24}},"loc":{"start":{"line":29,"column":36},"end":{"line":37,"column":3}},"line":29},"5":{"name":"(anonymous_5)","decl":{"start":{"line":39,"column":18},"end":{"line":39,"column":19}},"loc":{"start":{"line":39,"column":24},"end":{"line":46,"column":3}},"line":39},"6":{"name":"(anonymous_6)","decl":{"start":{"line":110,"column":21},"end":{"line":110,"column":22}},"loc":{"start":{"line":110,"column":34},"end":{"line":110,"column":55}},"line":110},"7":{"name":"(anonymous_7)","decl":{"start":{"line":111,"column":17},"end":{"line":111,"column":18}},"loc":{"start":{"line":112,"column":14},"end":{"line":112,"column":73}},"line":112}},"branchMap":{"0":{"loc":{"start":{"line":31,"column":6},"end":{"line":35,"column":45}},"type":"binary-expr","locations":[{"start":{"line":31,"column":7},"end":{"line":31,"column":75}},{"start":{"line":32,"column":8},"end":{"line":34,"column":45}},{"start":{"line":35,"column":6},"end":{"line":35,"column":45}}],"line":31},"1":{"loc":{"start":{"line":41,"column":4},"end":{"line":45,"column":5}},"type":"if","locations":[{"start":{"line":41,"column":4},"end":{"line":45,"column":5}},{"start":{"line":43,"column":11},"end":{"line":45,"column":5}}],"line":41},"2":{"loc":{"start":{"line":41,"column":8},"end":{"line":41,"column":47}},"type":"binary-expr","locations":[{"start":{"line":41,"column":8},"end":{"line":41,"column":17}},{"start":{"line":41,"column":21},"end":{"line":41,"column":47}}],"line":41},"3":{"loc":{"start":{"line":48,"column":2},"end":{"line":50,"column":3}},"type":"if","locations":[{"start":{"line":48,"column":2},"end":{"line":50,"column":3}},{"start":{},"end":{}}],"line":48},"4":{"loc":{"start":{"line":51,"column":2},"end":{"line":64,"column":3}},"type":"if","locations":[{"start":{"line":51,"column":2},"end":{"line":64,"column":3}},{"start":{},"end":{}}],"line":51},"5":{"loc":{"start":{"line":65,"column":2},"end":{"line":117,"column":3}},"type":"if","locations":[{"start":{"line":65,"column":2},"end":{"line":117,"column":3}},{"start":{},"end":{}}],"line":65},"6":{"loc":{"start":{"line":97,"column":9},"end":{"line":104,"column":9}},"type":"binary-expr","locations":[{"start":{"line":97,"column":9},"end":{"line":97,"column":17}},{"start":{"line":98,"column":10},"end":{"line":103,"column":16}}],"line":97}},"s":{"0":1,"1":2,"2":1,"3":1,"4":1,"5":1,"6":1,"7":0,"8":0,"9":0,"10":1,"11":0,"12":0,"13":1,"14":0,"15":1,"16":1,"17":1,"18":0,"19":1,"20":1,"21":1,"22":0,"23":0,"24":0,"25":0,"26":0,"27":0},"f":{"0":2,"1":0,"2":0,"3":0,"4":0,"5":1,"6":0,"7":0},"b":{"0":[0,0,0],"1":[0,1],"2":[1,0],"3":[1,0],"4":[0,0],"5":[0,0],"6":[0,0]},"_coverageSchema":"1a1c01bbd47fc00a2c39e90264f33305004495a9","hash":"c785ad16984137bed3b59de1e376a355246ee5d5"}
,"/Users/jaceksmoter/Desktop/CS/React/rest-countries-api-with-color-theme-switcher-master/rest-countries-api/src/components/DarkModeSwitch.jsx": {"path":"/Users/jaceksmoter/Desktop/CS/React/rest-countries-api-with-color-theme-switcher-master/rest-countries-api/src/components/DarkModeSwitch.jsx","statementMap":{"0":{"start":{"line":5,"column":23},"end":{"line":39,"column":1}},"1":{"start":{"line":6,"column":34},"end":{"line":6,"column":79}},"2":{"start":{"line":8,"column":23},"end":{"line":23,"column":3}},"3":{"start":{"line":9,"column":4},"end":{"line":9,"column":27}},"4":{"start":{"line":10,"column":4},"end":{"line":22,"column":5}},"5":{"start":{"line":11,"column":6},"end":{"line":11,"column":25}},"6":{"start":{"line":12,"column":6},"end":{"line":12,"column":35}},"7":{"start":{"line":13,"column":6},"end":{"line":15,"column":14}},"8":{"start":{"line":14,"column":8},"end":{"line":14,"column":47}},"9":{"start":{"line":17,"column":6},"end":{"line":17,"column":24}},"10":{"start":{"line":18,"column":6},"end":{"line":18,"column":34}},"11":{"start":{"line":19,"column":6},"end":{"line":21,"column":14}},"12":{"start":{"line":20,"column":8},"end":{"line":20,"column":44}},"13":{"start":{"line":25,"column":2},"end":{"line":38,"column":4}}},"fnMap":{"0":{"name":"(anonymous_0)","decl":{"start":{"line":5,"column":23},"end":{"line":5,"column":24}},"loc":{"start":{"line":5,"column":29},"end":{"line":39,"column":1}},"line":5},"1":{"name":"(anonymous_1)","decl":{"start":{"line":8,"column":23},"end":{"line":8,"column":24}},"loc":{"start":{"line":8,"column":29},"end":{"line":23,"column":3}},"line":8},"2":{"name":"(anonymous_2)","decl":{"start":{"line":13,"column":17},"end":{"line":13,"column":18}},"loc":{"start":{"line":13,"column":23},"end":{"line":15,"column":7}},"line":13},"3":{"name":"(anonymous_3)","decl":{"start":{"line":19,"column":17},"end":{"line":19,"column":18}},"loc":{"start":{"line":19,"column":23},"end":{"line":21,"column":7}},"line":19}},"branchMap":{"0":{"loc":{"start":{"line":10,"column":4},"end":{"line":22,"column":5}},"type":"if","locations":[{"start":{"line":10,"column":4},"end":{"line":22,"column":5}},{"start":{"line":16,"column":11},"end":{"line":22,"column":5}}],"line":10},"1":{"loc":{"start":{"line":34,"column":9},"end":{"line":34,"column":78}},"type":"cond-expr","locations":[{"start":{"line":34,"column":20},"end":{"line":34,"column":55}},{"start":{"line":34,"column":58},"end":{"line":34,"column":78}}],"line":34}},"s":{"0":2,"1":3,"2":3,"3":1,"4":1,"5":0,"6":0,"7":0,"8":0,"9":1,"10":1,"11":1,"12":0,"13":3},"f":{"0":3,"1":1,"2":0,"3":0},"b":{"0":[0,1],"1":[1,2]},"_coverageSchema":"1a1c01bbd47fc00a2c39e90264f33305004495a9","hash":"d29fe6a461914d58c62fe41b3e138dc30f464601"}
,"/Users/jaceksmoter/Desktop/CS/React/rest-countries-api-with-color-theme-switcher-master/rest-countries-api/src/components/Header.jsx": {"path":"/Users/jaceksmoter/Desktop/CS/React/rest-countries-api-with-color-theme-switcher-master/rest-countries-api/src/components/Header.jsx","statementMap":{"0":{"start":{"line":5,"column":15},"end":{"line":14,"column":1}},"1":{"start":{"line":6,"column":2},"end":{"line":13,"column":4}}},"fnMap":{"0":{"name":"(anonymous_0)","decl":{"start":{"line":5,"column":15},"end":{"line":5,"column":16}},"loc":{"start":{"line":5,"column":21},"end":{"line":14,"column":1}},"line":5}},"branchMap":{},"s":{"0":1,"1":1},"f":{"0":1},"b":{},"_coverageSchema":"1a1c01bbd47fc00a2c39e90264f33305004495a9","hash":"b70a0d8132b3129ec1ddd4e8781619777ddfd2a0"}
,"/Users/jaceksmoter/Desktop/CS/React/rest-countries-api-with-color-theme-switcher-master/rest-countries-api/src/components/Loader.jsx": {"path":"/Users/jaceksmoter/Desktop/CS/React/rest-countries-api-with-color-theme-switcher-master/rest-countries-api/src/components/Loader.jsx","statementMap":{"0":{"start":{"line":3,"column":22},"end":{"line":17,"column":1}},"1":{"start":{"line":4,"column":2},"end":{"line":16,"column":4}}},"fnMap":{"0":{"name":"(anonymous_0)","decl":{"start":{"line":3,"column":22},"end":{"line":3,"column":23}},"loc":{"start":{"line":3,"column":28},"end":{"line":17,"column":1}},"line":3}},"branchMap":{},"s":{"0":1,"1":2},"f":{"0":2},"b":{},"_coverageSchema":"1a1c01bbd47fc00a2c39e90264f33305004495a9","hash":"fa4743dc69c1d4cfcd8e523ea8ec7d1703e5c944"}
,"/Users/jaceksmoter/Desktop/CS/React/rest-countries-api-with-color-theme-switcher-master/rest-countries-api/src/components/countryCard/CountryCard.jsx": {"path":"/Users/jaceksmoter/Desktop/CS/React/rest-countries-api-with-color-theme-switcher-master/rest-countries-api/src/components/countryCard/CountryCard.jsx","statementMap":{"0":{"start":{"line":5,"column":20},"end":{"line":26,"column":1}},"1":{"start":{"line":6,"column":2},"end":{"line":6,"column":23}},"2":{"start":{"line":7,"column":2},"end":{"line":25,"column":4}}},"fnMap":{"0":{"name":"(anonymous_0)","decl":{"start":{"line":5,"column":20},"end":{"line":5,"column":21}},"loc":{"start":{"line":5,"column":37},"end":{"line":26,"column":1}},"line":5}},"branchMap":{},"s":{"0":1,"1":0,"2":0},"f":{"0":0},"b":{},"_coverageSchema":"1a1c01bbd47fc00a2c39e90264f33305004495a9","hash":"97b57394f822e1fb1bcbd30ff9e14a441bc88523"}
,"/Users/jaceksmoter/Desktop/CS/React/rest-countries-api-with-color-theme-switcher-master/rest-countries-api/src/components/countryCard/Information.jsx": {"path":"/Users/jaceksmoter/Desktop/CS/React/rest-countries-api-with-color-theme-switcher-master/rest-countries-api/src/components/countryCard/Information.jsx","statementMap":{"0":{"start":{"line":3,"column":20},"end":{"line":30,"column":1}},"1":{"start":{"line":4,"column":21},"end":{"line":22,"column":3}},"2":{"start":{"line":5,"column":4},"end":{"line":21,"column":5}},"3":{"start":{"line":6,"column":23},"end":{"line":6,"column":25}},"4":{"start":{"line":7,"column":6},"end":{"line":9,"column":7}},"5":{"start":{"line":8,"column":8},"end":{"line":8,"column":45}},"6":{"start":{"line":10,"column":6},"end":{"line":10,"column":35}},"7":{"start":{"line":11,"column":11},"end":{"line":21,"column":5}},"8":{"start":{"line":12,"column":23},"end":{"line":12,"column":25}},"9":{"start":{"line":13,"column":6},"end":{"line":15,"column":7}},"10":{"start":{"line":14,"column":8},"end":{"line":14,"column":40}},"11":{"start":{"line":16,"column":6},"end":{"line":16,"column":35}},"12":{"start":{"line":17,"column":11},"end":{"line":21,"column":5}},"13":{"start":{"line":18,"column":6},"end":{"line":18,"column":57}},"14":{"start":{"line":20,"column":6},"end":{"line":20,"column":18}},"15":{"start":{"line":24,"column":2},"end":{"line":29,"column":4}}},"fnMap":{"0":{"name":"(anonymous_0)","decl":{"start":{"line":3,"column":20},"end":{"line":3,"column":21}},"loc":{"start":{"line":3,"column":41},"end":{"line":30,"column":1}},"line":3},"1":{"name":"(anonymous_1)","decl":{"start":{"line":4,"column":21},"end":{"line":4,"column":22}},"loc":{"start":{"line":4,"column":27},"end":{"line":22,"column":3}},"line":4}},"branchMap":{"0":{"loc":{"start":{"line":5,"column":4},"end":{"line":21,"column":5}},"type":"if","locations":[{"start":{"line":5,"column":4},"end":{"line":21,"column":5}},{"start":{"line":11,"column":11},"end":{"line":21,"column":5}}],"line":5},"1":{"loc":{"start":{"line":11,"column":11},"end":{"line":21,"column":5}},"type":"if","locations":[{"start":{"line":11,"column":11},"end":{"line":21,"column":5}},{"start":{"line":17,"column":11},"end":{"line":21,"column":5}}],"line":11},"2":{"loc":{"start":{"line":17,"column":11},"end":{"line":21,"column":5}},"type":"if","locations":[{"start":{"line":17,"column":11},"end":{"line":21,"column":5}},{"start":{"line":19,"column":11},"end":{"line":21,"column":5}}],"line":17}},"s":{"0":1,"1":0,"2":0,"3":0,"4":0,"5":0,"6":0,"7":0,"8":0,"9":0,"10":0,"11":0,"12":0,"13":0,"14":0,"15":0},"f":{"0":0,"1":0},"b":{"0":[0,0],"1":[0,0],"2":[0,0]},"_coverageSchema":"1a1c01bbd47fc00a2c39e90264f33305004495a9","hash":"19204930326ffa0861a3b1681da8bb02f5161784"}
,"/Users/jaceksmoter/Desktop/CS/React/rest-countries-api-with-color-theme-switcher-master/rest-countries-api/src/pages/CountryPage.jsx": {"path":"/Users/jaceksmoter/Desktop/CS/React/rest-countries-api-with-color-theme-switcher-master/rest-countries-api/src/pages/CountryPage.jsx","statementMap":{"0":{"start":{"line":11,"column":20},"end":{"line":117,"column":1}},"1":{"start":{"line":12,"column":26},"end":{"line":12,"column":37}},"2":{"start":{"line":19,"column":6},"end":{"line":19,"column":29}},"3":{"start":{"line":21,"column":2},"end":{"line":21,"column":23}},"4":{"start":{"line":22,"column":2},"end":{"line":24,"column":3}},"5":{"start":{"line":23,"column":4},"end":{"line":23,"column":22}},"6":{"start":{"line":26,"column":2},"end":{"line":116,"column":3}},"7":{"start":{"line":27,"column":4},"end":{"line":115,"column":6}},"8":{"start":{"line":102,"column":22},"end":{"line":106,"column":28}}},"fnMap":{"0":{"name":"(anonymous_0)","decl":{"start":{"line":11,"column":20},"end":{"line":11,"column":21}},"loc":{"start":{"line":11,"column":26},"end":{"line":117,"column":1}},"line":11},"1":{"name":"(anonymous_1)","decl":{"start":{"line":101,"column":46},"end":{"line":101,"column":47}},"loc":{"start":{"line":102,"column":22},"end":{"line":106,"column":28}},"line":102}},"branchMap":{"0":{"loc":{"start":{"line":22,"column":2},"end":{"line":24,"column":3}},"type":"if","locations":[{"start":{"line":22,"column":2},"end":{"line":24,"column":3}},{"start":{},"end":{}}],"line":22},"1":{"loc":{"start":{"line":26,"column":2},"end":{"line":116,"column":3}},"type":"if","locations":[{"start":{"line":26,"column":2},"end":{"line":116,"column":3}},{"start":{},"end":{}}],"line":26},"2":{"loc":{"start":{"line":29,"column":9},"end":{"line":42,"column":9}},"type":"binary-expr","locations":[{"start":{"line":29,"column":9},"end":{"line":29,"column":32}},{"start":{"line":30,"column":10},"end":{"line":41,"column":16}}],"line":29},"3":{"loc":{"start":{"line":43,"column":9},"end":{"line":113,"column":9}},"type":"binary-expr","locations":[{"start":{"line":43,"column":9},"end":{"line":43,"column":25}},{"start":{"line":44,"column":10},"end":{"line":112,"column":16}}],"line":43},"4":{"loc":{"start":{"line":97,"column":19},"end":{"line":99,"column":19}},"type":"binary-expr","locations":[{"start":{"line":97,"column":19},"end":{"line":97,"column":38}},{"start":{"line":98,"column":20},"end":{"line":98,"column":61}}],"line":97}},"s":{"0":1,"1":0,"2":0,"3":0,"4":0,"5":0,"6":0,"7":0,"8":0},"f":{"0":0,"1":0},"b":{"0":[0,0],"1":[0,0],"2":[0,0],"3":[0,0],"4":[0,0]},"_coverageSchema":"1a1c01bbd47fc00a2c39e90264f33305004495a9","hash":"994e56a105ac195aa1431d77284920277482bbde"}
,"/Users/jaceksmoter/Desktop/CS/React/rest-countries-api-with-color-theme-switcher-master/rest-countries-api/src/pages/PageNotFound.jsx": {"path":"/Users/jaceksmoter/Desktop/CS/React/rest-countries-api-with-color-theme-switcher-master/rest-countries-api/src/pages/PageNotFound.jsx","statementMap":{"0":{"start":{"line":3,"column":21},"end":{"line":10,"column":1}},"1":{"start":{"line":4,"column":2},"end":{"line":9,"column":4}}},"fnMap":{"0":{"name":"(anonymous_0)","decl":{"start":{"line":3,"column":21},"end":{"line":3,"column":22}},"loc":{"start":{"line":3,"column":27},"end":{"line":10,"column":1}},"line":3}},"branchMap":{},"s":{"0":1,"1":0},"f":{"0":0},"b":{},"_coverageSchema":"1a1c01bbd47fc00a2c39e90264f33305004495a9","hash":"b43d70a5325c2f219e56c1318a7820a76420c12d"}
}
